
> career-quest@0.1.0 build
> next build

⚠ Warning: Next.js inferred your workspace root, but it may not be correct.
 We detected multiple lockfiles and selected the directory of C:\Users\서지수\package-lock.json as the root directory.
 To silence this warning, set `turbopack.root` in your Next.js config, or consider removing one of the lockfiles if it's not needed.
   See https://nextjs.org/docs/app/api-reference/config/next-config-js/turbopack#root-directory for more information.
 Detected additional lockfiles: 
   * C:\Users\서지수\Desktop\DuoLike3\package-lock.json

▲ Next.js 16.1.6 (Turbopack)

  Creating an optimized production build ...
✓ Compiled successfully in 10.0s
  Running TypeScript ...
Failed to compile.

./src/app/dashboard/page.tsx:9:17
Type error: Property 'level' does not exist on type 'GameContextType'.

[0m [90m  7 |[39m
 [90m  8 |[39m [36mexport[39m [36mdefault[39m [36mfunction[39m [33mDashboardPage[39m() {
[31m[1m>[22m[39m[90m  9 |[39m     [36mconst[39m { xp[33m,[39m level[33m,[39m hearts[33m,[39m streak[33m,[39m unlockedLevels } [33m=[39m useGame()[33m;[39m
 [90m    |[39m                 [31m[1m^[22m[39m
 [90m 10 |[39m
 [90m 11 |[39m     [36mreturn[39m (
 [90m 12 |[39m         [33m<[39m[33mdiv[39m className[33m=[39m{styles[33m.[39mcontainer}[33m>[39m[0m
Next.js build worker exited with code: 1 and signal: null
